Using pre-set license
Built from '2020.3/staging' branch; Version is '2020.3.10f1 (297d780c91bc) revision 2719096'; Using compiler version '192528614'; Build Type 'Release'
OS: 'Windows 10 Pro N; OS build 19042.1052; Version 2009; 64bit' Language: 'en' Physical Memory: 16315 MB
BatchMode: 1, IsHumanControllingUs: 0, StartBugReporterOnCrash: 0, Is64bit: 1, IsPro: 0

 COMMAND LINE ARGUMENTS:
D:\Unity\Unity Editor\2020.3.10f1\Editor\Unity.exe
-adb2
-batchMode
-noUpm
-name
AssetImportWorker0
-projectPath
D:/Web-Dev/RPG Project
-logFile
Logs/AssetImportWorker0.log
-srvPort
58446
Successfully changed project path to: D:/Web-Dev/RPG Project
D:/Web-Dev/RPG Project
Using Asset Import Pipeline V2.
Refreshing native plugins compatible for Editor in 51.33 ms, found 2 plugins.
Preloading 0 native plugins for Editor in 0.00 ms.
Initialize engine version: 2020.3.10f1 (297d780c91bc)
[Subsystems] Discovering subsystems at path D:/Unity/Unity Editor/2020.3.10f1/Editor/Data/Resources/UnitySubsystems
[Subsystems] Discovering subsystems at path D:/Web-Dev/RPG Project/Assets
GfxDevice: creating device client; threaded=0
Direct3D:
    Version:  Direct3D 11.0 [level 11.1]
    Renderer: NVIDIA GeForce GTX 1050 Ti (ID=0x1c82)
    Vendor:   
    VRAM:     4018 MB
    Driver:   27.21.14.5671
Initialize mono
Mono path[0] = 'D:/Unity/Unity Editor/2020.3.10f1/Editor/Data/Managed'
Mono path[1] = 'D:/Unity/Unity Editor/2020.3.10f1/Editor/Data/MonoBleedingEdge/lib/mono/unityjit'
Mono config path = 'D:/Unity/Unity Editor/2020.3.10f1/Editor/Data/MonoBleedingEdge/etc'
Using monoOptions --debugger-agent=transport=dt_socket,embedding=1,server=y,suspend=n,address=127.0.0.1:56140
Begin MonoManager ReloadAssembly
Registering precompiled unity dll's ...
Register platform support module: D:/Unity/Unity Editor/2020.3.10f1/Editor/Data/PlaybackEngines/WebGLSupport/UnityEditor.WebGL.Extensions.dll
Register platform support module: D:/Unity/Unity Editor/2020.3.10f1/Editor/Data/PlaybackEngines/WindowsStandaloneSupport/UnityEditor.WindowsStandalone.Extensions.dll
Registered in 0.001117 seconds.
Native extension for WindowsStandalone target not found
Native extension for WebGL target not found
Refreshing native plugins compatible for Editor in 46.72 ms, found 2 plugins.
Preloading 0 native plugins for Editor in 0.00 ms.
Mono: successfully reloaded assembly
- Completed reload, in  1.252 seconds
Platform modules already initialized, skipping
Registering precompiled user dll's ...
Registered in 0.003103 seconds.
Begin MonoManager ReloadAssembly
Native extension for WindowsStandalone target not found
Native extension for WebGL target not found
Refreshing native plugins compatible for Editor in 0.86 ms, found 2 plugins.
Preloading 0 native plugins for Editor in 0.00 ms.
Mono: successfully reloaded assembly
- Completed reload, in  1.023 seconds
Platform modules already initialized, skipping
========================================================================
Worker process is ready to serve import requests
Launched and connected shader compiler UnityShaderCompiler.exe after 0.04 seconds
Refreshing native plugins compatible for Editor in 1.17 ms, found 2 plugins.
Preloading 0 native plugins for Editor in 0.00 ms.
Unloading 2164 Unused Serialized files (Serialized files now loaded: 0)
System memory in use before: 102.3 MB.
System memory in use after: 102.4 MB.

Unloading 59 unused Assets to reduce memory usage. Loaded Objects now: 2588.
Total: 5.607800 ms (FindLiveObjects: 0.351100 ms CreateObjectMapping: 0.068300 ms MarkObjects: 5.076500 ms  DeleteObjects: 0.110300 ms)

========================================================================
Received Import Request.
  path: Assets/Scenes/Particle Materials
  artifactKey: Guid(fed73c8bed2fbd44ab3a83cafc5ecd01) Importer(815301076,1909f56bfc062723c751e8b465ee728b)
Start importing Assets/Scenes/Particle Materials using Guid(fed73c8bed2fbd44ab3a83cafc5ecd01) Importer(815301076,1909f56bfc062723c751e8b465ee728b)  -> (artifact id: '0cc5b8832b5f551c849ad36123ca5ae3') in 0.010322 seconds
  Import took 0.014100 seconds .

========================================================================
Received Import Request.
  Time since last request: 0.000352 seconds.
  path: Assets/Scenes/Particle Materials/Particle Round With Glow 3.mat
  artifactKey: Guid(16d765815f00fcc4bba46dbeebc8bdb0) Importer(815301076,1909f56bfc062723c751e8b465ee728b)
Start importing Assets/Scenes/Particle Materials/Particle Round With Glow 3.mat using Guid(16d765815f00fcc4bba46dbeebc8bdb0) Importer(815301076,1909f56bfc062723c751e8b465ee728b)  -> (artifact id: '7f0059e6c6bd6aa2c01878acd7788dc1') in 0.152383 seconds
  Import took 0.156088 seconds .

========================================================================
Received Import Request.
  Time since last request: 0.000205 seconds.
  path: Assets/Scenes/Particle Materials/Particle Round With Glow 3.png
  artifactKey: Guid(2cb834dcaa12688489d509ae5e9c6344) Importer(815301076,1909f56bfc062723c751e8b465ee728b)
Start importing Assets/Scenes/Particle Materials/Particle Round With Glow 3.png using Guid(2cb834dcaa12688489d509ae5e9c6344) Importer(815301076,1909f56bfc062723c751e8b465ee728b)  -> (artifact id: 'ebdc19c6c33bc3dd77687e20e0ff0e79') in 0.045759 seconds
  Import took 0.049372 seconds .

========================================================================
Received Import Request.
  Time since last request: 0.000216 seconds.
  path: Assets/Game
  artifactKey: Guid(7ab75d07efabc454999643d383704523) Importer(815301076,1909f56bfc062723c751e8b465ee728b)
Start importing Assets/Game using Guid(7ab75d07efabc454999643d383704523) Importer(815301076,1909f56bfc062723c751e8b465ee728b)  -> (artifact id: '2dbaf6cc17676764e299bf455fd357a6') in 0.005383 seconds
  Import took 0.008734 seconds .

========================================================================
Received Import Request.
  Time since last request: 0.220211 seconds.
  path: Assets/Scenes/Sandbox 2
  artifactKey: Guid(e786dd16a81aefd4c9df51bc0b04785c) Importer(815301076,1909f56bfc062723c751e8b465ee728b)
Start importing Assets/Scenes/Sandbox 2 using Guid(e786dd16a81aefd4c9df51bc0b04785c) Importer(815301076,1909f56bfc062723c751e8b465ee728b)  -> (artifact id: 'd0add1f581f9201da49253ab8a0b4372') in 0.006583 seconds
  Import took 0.010164 seconds .

========================================================================
Received Import Request.
  Time since last request: 0.093332 seconds.
  path: Assets/Scenes/Sandbox 2/LightingData.asset
  artifactKey: Guid(50180a4c166aaf34f9fc723b1eff33d3) Importer(815301076,1909f56bfc062723c751e8b465ee728b)
Start importing Assets/Scenes/Sandbox 2/LightingData.asset using Guid(50180a4c166aaf34f9fc723b1eff33d3) Importer(815301076,1909f56bfc062723c751e8b465ee728b)  -> (artifact id: 'e0445f53d2c8ab899bc589bc88f361f8') in 0.012549 seconds
  Import took 0.016132 seconds .

========================================================================
Received Import Request.
  Time since last request: 0.000236 seconds.
  path: Assets/Scenes/Sandbox 2/NavMesh.asset
  artifactKey: Guid(3284ae251a2b299439cf8adef3636800) Importer(815301076,1909f56bfc062723c751e8b465ee728b)
Start importing Assets/Scenes/Sandbox 2/NavMesh.asset using Guid(3284ae251a2b299439cf8adef3636800) Importer(815301076,1909f56bfc062723c751e8b465ee728b)  -> (artifact id: '899531c2d67a33aeefd15a17bd0847de') in 0.010298 seconds
  Import took 0.013625 seconds .

========================================================================
Received Import Request.
  Time since last request: 0.000194 seconds.
  path: Assets/Scenes/Sandbox 2/Sandbox 2 Terrain.asset
  artifactKey: Guid(1e126792f795eed45863000d270085b8) Importer(815301076,1909f56bfc062723c751e8b465ee728b)
Start importing Assets/Scenes/Sandbox 2/Sandbox 2 Terrain.asset using Guid(1e126792f795eed45863000d270085b8) Importer(815301076,1909f56bfc062723c751e8b465ee728b) The tree SM_Env_Tree_010 must use the Nature/Soft Occlusion shader. Otherwise billboarding/lighting will not work correctly.

The tree SM_Env_Tree_03 must use the Nature/Soft Occlusion shader. Otherwise billboarding/lighting will not work correctly.

 -> (artifact id: 'fc54a6415bfac446d539c04020ad197a') in 0.034766 seconds
  Import took 0.038989 seconds .

========================================================================
Received Import Request.
  Time since last request: 0.000206 seconds.
  path: Assets/Scenes/Sandbox 2/Lightmap-0_comp_light.exr
  artifactKey: Guid(ee94b21621c9433428db22d2834e05fb) Importer(815301076,1909f56bfc062723c751e8b465ee728b)
Start importing Assets/Scenes/Sandbox 2/Lightmap-0_comp_light.exr using Guid(ee94b21621c9433428db22d2834e05fb) Importer(815301076,1909f56bfc062723c751e8b465ee728b)  -> (artifact id: 'a0bbf3cfbf3ad940f0d8bc02d6717e95') in 0.014245 seconds
  Import took 0.017560 seconds .

========================================================================
Received Import Request.
  Time since last request: 0.000209 seconds.
  path: Assets/Scenes/Sandbox 2/ReflectionProbe-0.exr
  artifactKey: Guid(437134d9ba48c3a459745cce0be64532) Importer(815301076,1909f56bfc062723c751e8b465ee728b)
Start importing Assets/Scenes/Sandbox 2/ReflectionProbe-0.exr using Guid(437134d9ba48c3a459745cce0be64532) Importer(815301076,1909f56bfc062723c751e8b465ee728b)  -> (artifact id: '7ed8783db273aa28d1ffd8af8761757a') in 0.020705 seconds
  Import took 0.024197 seconds .

========================================================================
Received Import Request.
  Time since last request: 0.000220 seconds.
  path: Assets/Scenes/Sandbox 2/Lightmap-1_comp_light.exr
  artifactKey: Guid(84566e739cab968478d98d8deeded70c) Importer(815301076,1909f56bfc062723c751e8b465ee728b)
Start importing Assets/Scenes/Sandbox 2/Lightmap-1_comp_light.exr using Guid(84566e739cab968478d98d8deeded70c) Importer(815301076,1909f56bfc062723c751e8b465ee728b)  -> (artifact id: 'f37bcd9c7a1f7a50bbc29dbf3c7d5e7f') in 0.010152 seconds
  Import took 0.013661 seconds .

========================================================================
Received Import Request.
  Time since last request: 0.000199 seconds.
  path: Assets/Scenes/Sandbox 2/Lightmap-1_comp_dir.png
  artifactKey: Guid(740e891fafda1654ba2ad86150b11737) Importer(815301076,1909f56bfc062723c751e8b465ee728b)
Start importing Assets/Scenes/Sandbox 2/Lightmap-1_comp_dir.png using Guid(740e891fafda1654ba2ad86150b11737) Importer(815301076,1909f56bfc062723c751e8b465ee728b)  -> (artifact id: '786762dd983063dd36f772065077a983') in 0.009374 seconds
  Import took 0.012471 seconds .

========================================================================
Received Import Request.
  Time since last request: 0.000180 seconds.
  path: Assets/Scenes/Sandbox 2/Lightmap-0_comp_dir.png
  artifactKey: Guid(25e762feda27c5549821d2849ac30763) Importer(815301076,1909f56bfc062723c751e8b465ee728b)
Start importing Assets/Scenes/Sandbox 2/Lightmap-0_comp_dir.png using Guid(25e762feda27c5549821d2849ac30763) Importer(815301076,1909f56bfc062723c751e8b465ee728b)  -> (artifact id: '4563691c2b41c613483ea3f89446c97d') in 0.009498 seconds
  Import took 0.013021 seconds .

========================================================================
Received Import Request.
  Time since last request: 3.413034 seconds.
  path: Assets/Scenes/Sandbox.unity
  artifactKey: Guid(9cb5ecae56e69f04589439155d8a1e1a) Importer(815301076,1909f56bfc062723c751e8b465ee728b)
Start importing Assets/Scenes/Sandbox.unity using Guid(9cb5ecae56e69f04589439155d8a1e1a) Importer(815301076,1909f56bfc062723c751e8b465ee728b)  -> (artifact id: 'c5387ed353b2b15fc394c6a52df84c81') in 0.006510 seconds
  Import took 0.010174 seconds .

========================================================================
Received Prepare
Refreshing native plugins compatible for Editor in 8.01 ms, found 2 plugins.
Preloading 0 native plugins for Editor in 0.00 ms.
Unloading 47 Unused Serialized files (Serialized files now loaded: 0)
System memory in use before: 62.9 MB.
System memory in use after: 63.0 MB.

Unloading 47 unused Assets to reduce memory usage. Loaded Objects now: 2633.
Total: 6.049700 ms (FindLiveObjects: 0.280800 ms CreateObjectMapping: 0.051800 ms MarkObjects: 5.672500 ms  DeleteObjects: 0.043300 ms)

AssetImportWorkerClient::OnTransportError - code=2 error=End of file
